  parallel_testing.cpp
C:\Users\spiri\Desktop\ParallelProgrammingJan2022\TSP-Solver\TSP-Solver\parallel_testing.cpp(23,1): warning C4267: '=': conversion from 'size_t' to 'int', possible loss of data
C:\Users\spiri\Desktop\ParallelProgrammingJan2022\TSP-Solver\TSP-Solver\parallel_testing.cpp(60,27): warning C4267: 'initializing': conversion from 'size_t' to 'int', possible loss of data
C:\Users\spiri\Desktop\ParallelProgrammingJan2022\TSP-Solver\TSP-Solver\parallel_testing.cpp(119,34): warning C4267: 'initializing': conversion from 'size_t' to 'int', possible loss of data
C:\Users\spiri\Desktop\ParallelProgrammingJan2022\TSP-Solver\TSP-Solver\parallel_testing.cpp(119,34): warning C4267: 'initializing': conversion from 'size_t' to 'const int', possible loss of data
C:\Users\spiri\Desktop\ParallelProgrammingJan2022\TSP-Solver\TSP-Solver\parallel_testing.cpp(119,57): warning C4267: 'initializing': conversion from 'size_t' to 'int', possible loss of data
C:\Users\spiri\Desktop\ParallelProgrammingJan2022\TSP-Solver\TSP-Solver\parallel_testing.cpp(119,57): warning C4267: 'initializing': conversion from 'size_t' to 'const int', possible loss of data
C:\Users\spiri\Desktop\ParallelProgrammingJan2022\TSP-Solver\TSP-Solver\parallel_testing.cpp(145,77): warning C4267: '=': conversion from 'size_t' to 'int', possible loss of data
C:\Users\spiri\Desktop\ParallelProgrammingJan2022\TSP-Solver\TSP-Solver\parallel_testing.cpp(154,77): warning C4267: '=': conversion from 'size_t' to 'int', possible loss of data
C:\Users\spiri\Desktop\ParallelProgrammingJan2022\TSP-Solver\TSP-Solver\parallel_testing.cpp(178,34): warning C4267: 'initializing': conversion from 'size_t' to 'int', possible loss of data
C:\Users\spiri\Desktop\ParallelProgrammingJan2022\TSP-Solver\TSP-Solver\parallel_testing.cpp(178,34): warning C4267: 'initializing': conversion from 'size_t' to 'const int', possible loss of data
C:\Users\spiri\Desktop\ParallelProgrammingJan2022\TSP-Solver\TSP-Solver\parallel_testing.cpp(178,57): warning C4267: 'initializing': conversion from 'size_t' to 'int', possible loss of data
C:\Users\spiri\Desktop\ParallelProgrammingJan2022\TSP-Solver\TSP-Solver\parallel_testing.cpp(178,57): warning C4267: 'initializing': conversion from 'size_t' to 'const int', possible loss of data
C:\Users\spiri\Desktop\ParallelProgrammingJan2022\TSP-Solver\TSP-Solver\parallel_testing.cpp(208,32): warning C4267: '=': conversion from 'size_t' to 'int', possible loss of data
C:\Users\spiri\Desktop\ParallelProgrammingJan2022\TSP-Solver\TSP-Solver\parallel_testing.cpp(211,45): warning C4267: '=': conversion from 'size_t' to 'int', possible loss of data
C:\Users\spiri\Desktop\ParallelProgrammingJan2022\TSP-Solver\TSP-Solver\parallel_testing.cpp(224,45): warning C4267: '=': conversion from 'size_t' to 'int', possible loss of data
C:\Users\spiri\Desktop\ParallelProgrammingJan2022\TSP-Solver\TSP-Solver\parallel_testing.cpp(242,34): warning C4267: 'initializing': conversion from 'size_t' to 'int', possible loss of data
C:\Users\spiri\Desktop\ParallelProgrammingJan2022\TSP-Solver\TSP-Solver\parallel_testing.cpp(242,34): warning C4267: 'initializing': conversion from 'size_t' to 'const int', possible loss of data
C:\Users\spiri\Desktop\ParallelProgrammingJan2022\TSP-Solver\TSP-Solver\parallel_testing.cpp(242,57): warning C4267: 'initializing': conversion from 'size_t' to 'int', possible loss of data
C:\Users\spiri\Desktop\ParallelProgrammingJan2022\TSP-Solver\TSP-Solver\parallel_testing.cpp(242,57): warning C4267: 'initializing': conversion from 'size_t' to 'const int', possible loss of data
C:\Users\spiri\Desktop\ParallelProgrammingJan2022\TSP-Solver\TSP-Solver\parallel_testing.cpp(263,34): warning C4267: '=': conversion from 'size_t' to 'int', possible loss of data
C:\Users\spiri\Desktop\ParallelProgrammingJan2022\TSP-Solver\TSP-Solver\parallel_testing.cpp(264,33): warning C4267: '=': conversion from 'size_t' to 'int', possible loss of data
C:\Users\spiri\Desktop\ParallelProgrammingJan2022\TSP-Solver\TSP-Solver\parallel_testing.cpp(276,39): warning C4267: '=': conversion from 'size_t' to 'int', possible loss of data
C:\Users\spiri\Desktop\ParallelProgrammingJan2022\TSP-Solver\TSP-Solver\parallel_testing.cpp(277,38): warning C4267: '=': conversion from 'size_t' to 'int', possible loss of data
C:\Users\spiri\Desktop\ParallelProgrammingJan2022\TSP-Solver\TSP-Solver\parallel_testing.cpp(290,39): warning C4267: '=': conversion from 'size_t' to 'int', possible loss of data
C:\Users\spiri\Desktop\ParallelProgrammingJan2022\TSP-Solver\TSP-Solver\parallel_testing.cpp(291,38): warning C4267: '=': conversion from 'size_t' to 'int', possible loss of data
C:\Users\spiri\Desktop\ParallelProgrammingJan2022\TSP-Solver\TSP-Solver\parallel_testing.cpp(309,34): warning C4267: 'initializing': conversion from 'size_t' to 'int', possible loss of data
C:\Users\spiri\Desktop\ParallelProgrammingJan2022\TSP-Solver\TSP-Solver\parallel_testing.cpp(309,34): warning C4267: 'initializing': conversion from 'size_t' to 'const int', possible loss of data
C:\Users\spiri\Desktop\ParallelProgrammingJan2022\TSP-Solver\TSP-Solver\parallel_testing.cpp(309,57): warning C4267: 'initializing': conversion from 'size_t' to 'int', possible loss of data
C:\Users\spiri\Desktop\ParallelProgrammingJan2022\TSP-Solver\TSP-Solver\parallel_testing.cpp(309,57): warning C4267: 'initializing': conversion from 'size_t' to 'const int', possible loss of data
C:\Users\spiri\Desktop\ParallelProgrammingJan2022\TSP-Solver\TSP-Solver\parallel_testing.cpp(328,34): warning C4267: '=': conversion from 'size_t' to 'int', possible loss of data
C:\Users\spiri\Desktop\ParallelProgrammingJan2022\TSP-Solver\TSP-Solver\parallel_testing.cpp(329,33): warning C4267: '=': conversion from 'size_t' to 'int', possible loss of data
C:\Users\spiri\Desktop\ParallelProgrammingJan2022\TSP-Solver\TSP-Solver\parallel_testing.cpp(339,39): warning C4267: '=': conversion from 'size_t' to 'int', possible loss of data
C:\Users\spiri\Desktop\ParallelProgrammingJan2022\TSP-Solver\TSP-Solver\parallel_testing.cpp(340,38): warning C4267: '=': conversion from 'size_t' to 'int', possible loss of data
C:\Users\spiri\Desktop\ParallelProgrammingJan2022\TSP-Solver\TSP-Solver\parallel_testing.cpp(352,39): warning C4267: '=': conversion from 'size_t' to 'int', possible loss of data
C:\Users\spiri\Desktop\ParallelProgrammingJan2022\TSP-Solver\TSP-Solver\parallel_testing.cpp(353,38): warning C4267: '=': conversion from 'size_t' to 'int', possible loss of data
C:\Program Files\Microsoft Visual Studio\2022\Community\VC\Tools\MSVC\14.30.30705\include\type_traits(1488,98): warning C4244: 'argument': conversion from 'unsigned __int64' to 'int', possible loss of data
C:\Program Files\Microsoft Visual Studio\2022\Community\VC\Tools\MSVC\14.30.30705\include\future(1435): message : see reference to function template instantiation 'std::vector<SubsetObj,std::allocator<SubsetObj>> std::invoke<std::vector<SubsetObj,std::allocator<SubsetObj>>(__cdecl *)(std::vector<std::vector<int,std::allocator<int>>,std::allocator<std::vector<int,std::allocator<int>>>>,std::vector<std::vector<int,std::allocator<int>>,std::allocator<std::vector<int,std::allocator<int>>>> &,int),std::vector<std::vector<int,std::allocator<int>>,std::allocator<std::vector<int,std::allocator<int>>>>,std::reference_wrapper<_Ty>,unsigned __int64>(_Callable &&,_Ty1 &&,std::reference_wrapper<_Ty> &&,unsigned __int64 &&) noexcept(false)' being compiled
          with
          [
              _Ty=std::vector<std::vector<int,std::allocator<int>>,std::allocator<std::vector<int,std::allocator<int>>>>,
              _Callable=std::vector<SubsetObj,std::allocator<SubsetObj>> (__cdecl *)(std::vector<std::vector<int,std::allocator<int>>,std::allocator<std::vector<int,std::allocator<int>>>>,std::vector<std::vector<int,std::allocator<int>>,std::allocator<std::vector<int,std::allocator<int>>>> &,int),
              _Ty1=std::vector<std::vector<int,std::allocator<int>>,std::allocator<std::vector<int,std::allocator<int>>>>
          ]
C:\Program Files\Microsoft Visual Studio\2022\Community\VC\Tools\MSVC\14.30.30705\include\future(1441): message : see reference to function template instantiation 'std::vector<SubsetObj,std::allocator<SubsetObj>> std::_Invoke_stored_explicit<std::vector<SubsetObj,std::allocator<SubsetObj>>(__cdecl *)(std::vector<std::vector<int,std::allocator<int>>,std::allocator<std::vector<int,std::allocator<int>>>>,std::vector<std::vector<int,std::allocator<int>>,std::allocator<std::vector<int,std::allocator<int>>>> &,int),std::vector<std::vector<int,std::allocator<int>>,std::allocator<std::vector<int,std::allocator<int>>>>,std::reference_wrapper<_Ty>,unsigned __int64,0,1,2,3>(std::tuple<std::vector<SubsetObj,std::allocator<SubsetObj>> (__cdecl *)(std::vector<std::vector<int,std::allocator<int>>,std::allocator<std::vector<int,std::allocator<int>>>>,std::vector<std::vector<int,std::allocator<int>>,std::allocator<std::vector<int,std::allocator<int>>>> &,int),std::vector<std::vector<int,std::allocator<int>>,std::allocator<std::vector<int,std::allocator<int>>>>,std::reference_wrapper<_Ty>,unsigned __int64> &&,std::integer_sequence<size_t,0,1,2,3>)' being compiled
          with
          [
              _Ty=std::vector<std::vector<int,std::allocator<int>>,std::allocator<std::vector<int,std::allocator<int>>>>
          ]
C:\Program Files\Microsoft Visual Studio\2022\Community\VC\Tools\MSVC\14.30.30705\include\future(1467): message : see reference to function template instantiation 'std::vector<SubsetObj,std::allocator<SubsetObj>> std::_Invoke_stored<std::vector<SubsetObj,std::allocator<SubsetObj>>(__cdecl *)(std::vector<std::vector<int,std::allocator<int>>,std::allocator<std::vector<int,std::allocator<int>>>>,std::vector<std::vector<int,std::allocator<int>>,std::allocator<std::vector<int,std::allocator<int>>>> &,int),std::vector<std::vector<int,std::allocator<int>>,std::allocator<std::vector<int,std::allocator<int>>>>,std::reference_wrapper<_Ty>,unsigned __int64>(std::tuple<std::vector<SubsetObj,std::allocator<SubsetObj>> (__cdecl *)(std::vector<std::vector<int,std::allocator<int>>,std::allocator<std::vector<int,std::allocator<int>>>>,std::vector<std::vector<int,std::allocator<int>>,std::allocator<std::vector<int,std::allocator<int>>>> &,int),std::vector<std::vector<int,std::allocator<int>>,std::allocator<std::vector<int,std::allocator<int>>>>,std::reference_wrapper<_Ty>,unsigned __int64> &&)' being compiled
          with
          [
              _Ty=std::vector<std::vector<int,std::allocator<int>>,std::allocator<std::vector<int,std::allocator<int>>>>
          ]
C:\Program Files\Microsoft Visual Studio\2022\Community\VC\Tools\MSVC\14.30.30705\include\future(1467): message : while compiling class template member function 'std::vector<SubsetObj,std::allocator<SubsetObj>> std::_Fake_no_copy_callable_adapter<_Fty,std::vector<std::vector<int,std::allocator<int>>,std::allocator<std::vector<int,std::allocator<int>>>> &,_Ty,unsigned __int64>::operator ()(void)'
          with
          [
              _Fty=std::vector<SubsetObj,std::allocator<SubsetObj>> (__cdecl &)(std::vector<std::vector<int,std::allocator<int>>,std::allocator<std::vector<int,std::allocator<int>>>>,std::vector<std::vector<int,std::allocator<int>>,std::allocator<std::vector<int,std::allocator<int>>>> &,int),
              _Ty=std::reference_wrapper<std::vector<std::vector<int,std::allocator<int>>,std::allocator<std::vector<int,std::allocator<int>>>>>
          ]
C:\Program Files\Microsoft Visual Studio\2022\Community\VC\Tools\MSVC\14.30.30705\include\type_traits(1478): message : see reference to function template instantiation 'std::vector<SubsetObj,std::allocator<SubsetObj>> std::_Fake_no_copy_callable_adapter<_Fty,std::vector<std::vector<int,std::allocator<int>>,std::allocator<std::vector<int,std::allocator<int>>>> &,_Ty,unsigned __int64>::operator ()(void)' being compiled
          with
          [
              _Fty=std::vector<SubsetObj,std::allocator<SubsetObj>> (__cdecl &)(std::vector<std::vector<int,std::allocator<int>>,std::allocator<std::vector<int,std::allocator<int>>>>,std::vector<std::vector<int,std::allocator<int>>,std::allocator<std::vector<int,std::allocator<int>>>> &,int),
              _Ty=std::reference_wrapper<std::vector<std::vector<int,std::allocator<int>>,std::allocator<std::vector<int,std::allocator<int>>>>>
          ]
C:\Program Files\Microsoft Visual Studio\2022\Community\VC\Tools\MSVC\14.30.30705\include\future(1489): message : see reference to class template instantiation 'std::_Fake_no_copy_callable_adapter<_Fty,std::vector<std::vector<int,std::allocator<int>>,std::allocator<std::vector<int,std::allocator<int>>>> &,_Ty,unsigned __int64>' being compiled
          with
          [
              _Fty=std::vector<SubsetObj,std::allocator<SubsetObj>> (__cdecl &)(std::vector<std::vector<int,std::allocator<int>>,std::allocator<std::vector<int,std::allocator<int>>>>,std::vector<std::vector<int,std::allocator<int>>,std::allocator<std::vector<int,std::allocator<int>>>> &,int),
              _Ty=std::reference_wrapper<std::vector<std::vector<int,std::allocator<int>>,std::allocator<std::vector<int,std::allocator<int>>>>>
          ]
C:\Program Files\Microsoft Visual Studio\2022\Community\VC\Tools\MSVC\14.30.30705\include\future(1501): message : see reference to function template instantiation 'std::future<std::vector<SubsetObj,std::allocator<SubsetObj>>> std::async<std::vector<SubsetObj,std::allocator<SubsetObj>>(__cdecl &)(std::vector<std::vector<int,std::allocator<int>>,std::allocator<std::vector<int,std::allocator<int>>>>,std::vector<std::vector<int,std::allocator<int>>,std::allocator<std::vector<int,std::allocator<int>>>> &,int),std::vector<std::vector<int,std::allocator<int>>,std::allocator<std::vector<int,std::allocator<int>>>>&,_Ty,unsigned __int64>(std::launch,_Fty,std::vector<std::vector<int,std::allocator<int>>,std::allocator<std::vector<int,std::allocator<int>>>> &,_Ty &&,unsigned __int64 &&)' being compiled
          with
          [
              _Ty=std::reference_wrapper<std::vector<std::vector<int,std::allocator<int>>,std::allocator<std::vector<int,std::allocator<int>>>>>,
              _Fty=std::vector<SubsetObj,std::allocator<SubsetObj>> (__cdecl &)(std::vector<std::vector<int,std::allocator<int>>,std::allocator<std::vector<int,std::allocator<int>>>>,std::vector<std::vector<int,std::allocator<int>>,std::allocator<std::vector<int,std::allocator<int>>>> &,int)
          ]
C:\Users\spiri\Desktop\ParallelProgrammingJan2022\TSP-Solver\TSP-Solver\parallel_testing.cpp(216): message : see reference to function template instantiation 'std::future<std::vector<SubsetObj,std::allocator<SubsetObj>>> std::async<std::vector<SubsetObj,std::allocator<SubsetObj>>(__cdecl &)(std::vector<std::vector<int,std::allocator<int>>,std::allocator<std::vector<int,std::allocator<int>>>>,std::vector<std::vector<int,std::allocator<int>>,std::allocator<std::vector<int,std::allocator<int>>>> &,int),std::vector<std::vector<int,std::allocator<int>>,std::allocator<std::vector<int,std::allocator<int>>>>&,std::reference_wrapper<_Ty>,unsigned __int64>(_Fty,std::vector<std::vector<int,std::allocator<int>>,std::allocator<std::vector<int,std::allocator<int>>>> &,std::reference_wrapper<_Ty> &&,unsigned __int64 &&)' being compiled
          with
          [
              _Ty=std::vector<std::vector<int,std::allocator<int>>,std::allocator<std::vector<int,std::allocator<int>>>>,
              _Fty=std::vector<SubsetObj,std::allocator<SubsetObj>> (__cdecl &)(std::vector<std::vector<int,std::allocator<int>>,std::allocator<std::vector<int,std::allocator<int>>>>,std::vector<std::vector<int,std::allocator<int>>,std::allocator<std::vector<int,std::allocator<int>>>> &,int)
          ]
  TSP-Solver.vcxproj -> C:\Users\spiri\Desktop\ParallelProgrammingJan2022\TSP-Solver\x64\Debug\TSP-Solver.exe
